{"/home/ishidor/Documents/Trybe/Projetos/sd-02-block15-react-tests/src/App.js": {"path":"/home/ishidor/Documents/Trybe/Projetos/sd-02-block15-react-tests/src/App.js","statementMap":{"0":{"start":{"line":23,"column":31},"end":{"line":23,"column":55}},"1":{"start":{"line":24,"column":30},"end":{"line":27,"column":10}},"2":{"start":{"line":25,"column":6},"end":{"line":25,"column":64}},"3":{"start":{"line":26,"column":6},"end":{"line":26,"column":17}},"4":{"start":{"line":29,"column":4},"end":{"line":29,"column":29}},"5":{"start":{"line":33,"column":4},"end":{"line":33,"column":17}},"6":{"start":{"line":34,"column":4},"end":{"line":34,"column":75}},"7":{"start":{"line":38,"column":4},"end":{"line":38,"column":50}},"8":{"start":{"line":40,"column":4},"end":{"line":40,"column":79}},"9":{"start":{"line":44,"column":38},"end":{"line":44,"column":48}},"10":{"start":{"line":46,"column":4},"end":{"line":51,"column":6}},"11":{"start":{"line":55,"column":38},"end":{"line":55,"column":48}},"12":{"start":{"line":57,"column":4},"end":{"line":66,"column":6}},"13":{"start":{"line":63,"column":10},"end":{"line":63,"column":62}},"14":{"start":{"line":70,"column":38},"end":{"line":70,"column":48}},"15":{"start":{"line":71,"column":29},"end":{"line":71,"column":83}},"16":{"start":{"line":71,"column":57},"end":{"line":71,"column":82}},"17":{"start":{"line":73,"column":4},"end":{"line":88,"column":6}},"18":{"start":{"line":78,"column":33},"end":{"line":78,"column":58}},"19":{"start":{"line":82,"column":33},"end":{"line":82,"column":65}},"20":{"start":{"line":84,"column":47},"end":{"line":84,"column":95}},"21":{"start":{"line":92,"column":4},"end":{"line":102,"column":6}}},"fnMap":{"0":{"name":"(anonymous_0)","decl":{"start":{"line":22,"column":2},"end":{"line":22,"column":3}},"loc":{"start":{"line":22,"column":36},"end":{"line":30,"column":3}},"line":22},"1":{"name":"(anonymous_1)","decl":{"start":{"line":24,"column":46},"end":{"line":24,"column":47}},"loc":{"start":{"line":24,"column":64},"end":{"line":27,"column":5}},"line":24},"2":{"name":"(anonymous_2)","decl":{"start":{"line":32,"column":2},"end":{"line":32,"column":3}},"loc":{"start":{"line":32,"column":21},"end":{"line":35,"column":3}},"line":32},"3":{"name":"(anonymous_3)","decl":{"start":{"line":37,"column":2},"end":{"line":37,"column":3}},"loc":{"start":{"line":37,"column":50},"end":{"line":41,"column":3}},"line":37},"4":{"name":"(anonymous_4)","decl":{"start":{"line":43,"column":2},"end":{"line":43,"column":3}},"loc":{"start":{"line":43,"column":18},"end":{"line":52,"column":3}},"line":43},"5":{"name":"(anonymous_5)","decl":{"start":{"line":54,"column":2},"end":{"line":54,"column":3}},"loc":{"start":{"line":54,"column":30},"end":{"line":67,"column":3}},"line":54},"6":{"name":"(anonymous_6)","decl":{"start":{"line":62,"column":34},"end":{"line":62,"column":35}},"loc":{"start":{"line":63,"column":10},"end":{"line":63,"column":62}},"line":63},"7":{"name":"(anonymous_7)","decl":{"start":{"line":69,"column":2},"end":{"line":69,"column":3}},"loc":{"start":{"line":69,"column":17},"end":{"line":89,"column":3}},"line":69},"8":{"name":"(anonymous_8)","decl":{"start":{"line":71,"column":45},"end":{"line":71,"column":46}},"loc":{"start":{"line":71,"column":57},"end":{"line":71,"column":82}},"line":71},"9":{"name":"(anonymous_9)","decl":{"start":{"line":78,"column":18},"end":{"line":78,"column":19}},"loc":{"start":{"line":78,"column":33},"end":{"line":78,"column":58}},"line":78},"10":{"name":"(anonymous_10)","decl":{"start":{"line":82,"column":18},"end":{"line":82,"column":19}},"loc":{"start":{"line":82,"column":33},"end":{"line":82,"column":65}},"line":82},"11":{"name":"(anonymous_11)","decl":{"start":{"line":84,"column":41},"end":{"line":84,"column":42}},"loc":{"start":{"line":84,"column":47},"end":{"line":84,"column":95}},"line":84},"12":{"name":"(anonymous_12)","decl":{"start":{"line":91,"column":2},"end":{"line":91,"column":3}},"loc":{"start":{"line":91,"column":11},"end":{"line":103,"column":3}},"line":91}},"branchMap":{},"s":{"0":6,"1":6,"2":54,"3":54,"4":6,"5":6,"6":6,"7":0,"8":0,"9":7,"10":7,"11":0,"12":0,"13":0,"14":6,"15":6,"16":54,"17":6,"18":7,"19":0,"20":1,"21":6},"f":{"0":6,"1":54,"2":6,"3":0,"4":7,"5":0,"6":0,"7":6,"8":54,"9":7,"10":0,"11":1,"12":6},"b":{},"_coverageSchema":"43e27e138ebf9cfc5966b082cf9a028302ed4184","hash":"964031858c4adf376b9b6329f7ba62b15bc96d68"}
,"/home/ishidor/Documents/Trybe/Projetos/sd-02-block15-react-tests/src/data.js": {"path":"/home/ishidor/Documents/Trybe/Projetos/sd-02-block15-react-tests/src/data.js","statementMap":{"0":{"start":{"line":1,"column":17},"end":{"line":200,"column":1}}},"fnMap":{},"branchMap":{},"s":{"0":1},"f":{},"b":{},"_coverageSchema":"43e27e138ebf9cfc5966b082cf9a028302ed4184","hash":"f00fb09edc88159768871ebedf005b24af961598"}
,"/home/ishidor/Documents/Trybe/Projetos/sd-02-block15-react-tests/src/components/About.js": {"path":"/home/ishidor/Documents/Trybe/Projetos/sd-02-block15-react-tests/src/components/About.js","statementMap":{"0":{"start":{"line":4,"column":14},"end":{"line":17,"column":1}},"1":{"start":{"line":5,"column":2},"end":{"line":16,"column":12}}},"fnMap":{"0":{"name":"(anonymous_0)","decl":{"start":{"line":4,"column":14},"end":{"line":4,"column":15}},"loc":{"start":{"line":5,"column":2},"end":{"line":16,"column":12}},"line":5}},"branchMap":{},"s":{"0":1,"1":2},"f":{"0":2},"b":{},"_coverageSchema":"43e27e138ebf9cfc5966b082cf9a028302ed4184","hash":"e438c6ec396d2c535b62ced4c0eb72d13d75b7c5"}
,"/home/ishidor/Documents/Trybe/Projetos/sd-02-block15-react-tests/src/components/Button.js": {"path":"/home/ishidor/Documents/Trybe/Projetos/sd-02-block15-react-tests/src/components/Button.js","statementMap":{"0":{"start":{"line":6,"column":15},"end":{"line":21,"column":1}},"1":{"start":{"line":12,"column":2},"end":{"line":20,"column":11}},"2":{"start":{"line":23,"column":0},"end":{"line":28,"column":2}},"3":{"start":{"line":30,"column":0},"end":{"line":34,"column":2}}},"fnMap":{"0":{"name":"(anonymous_0)","decl":{"start":{"line":6,"column":15},"end":{"line":6,"column":16}},"loc":{"start":{"line":12,"column":2},"end":{"line":20,"column":11}},"line":12}},"branchMap":{},"s":{"0":1,"1":434,"2":1,"3":1},"f":{"0":434},"b":{},"_coverageSchema":"43e27e138ebf9cfc5966b082cf9a028302ed4184","hash":"3adf4a3968c45d4aecfba8ca6a766622d7c06561"}
,"/home/ishidor/Documents/Trybe/Projetos/sd-02-block15-react-tests/src/components/FavoritePokemons.js": {"path":"/home/ishidor/Documents/Trybe/Projetos/sd-02-block15-react-tests/src/components/FavoritePokemons.js","statementMap":{"0":{"start":{"line":11,"column":4},"end":{"line":15,"column":6}},"1":{"start":{"line":19,"column":4},"end":{"line":23,"column":6}},"2":{"start":{"line":27,"column":25},"end":{"line":27,"column":35}},"3":{"start":{"line":28,"column":38},"end":{"line":28,"column":54}},"4":{"start":{"line":30,"column":4},"end":{"line":34,"column":6}},"5":{"start":{"line":32,"column":35},"end":{"line":32,"column":65}},"6":{"start":{"line":38,"column":25},"end":{"line":38,"column":41}},"7":{"start":{"line":39,"column":25},"end":{"line":39,"column":35}},"8":{"start":{"line":40,"column":20},"end":{"line":40,"column":41}},"9":{"start":{"line":42,"column":4},"end":{"line":47,"column":6}},"10":{"start":{"line":51,"column":0},"end":{"line":53,"column":2}},"11":{"start":{"line":55,"column":0},"end":{"line":57,"column":2}}},"fnMap":{"0":{"name":"(anonymous_0)","decl":{"start":{"line":10,"column":2},"end":{"line":10,"column":3}},"loc":{"start":{"line":10,"column":20},"end":{"line":16,"column":3}},"line":10},"1":{"name":"(anonymous_1)","decl":{"start":{"line":18,"column":2},"end":{"line":18,"column":3}},"loc":{"start":{"line":18,"column":40},"end":{"line":24,"column":3}},"line":18},"2":{"name":"(anonymous_2)","decl":{"start":{"line":26,"column":2},"end":{"line":26,"column":3}},"loc":{"start":{"line":26,"column":27},"end":{"line":35,"column":3}},"line":26},"3":{"name":"(anonymous_3)","decl":{"start":{"line":32,"column":22},"end":{"line":32,"column":23}},"loc":{"start":{"line":32,"column":35},"end":{"line":32,"column":65}},"line":32},"4":{"name":"(anonymous_4)","decl":{"start":{"line":37,"column":2},"end":{"line":37,"column":3}},"loc":{"start":{"line":37,"column":11},"end":{"line":48,"column":3}},"line":37}},"branchMap":{"0":{"loc":{"start":{"line":45,"column":9},"end":{"line":45,"column":61}},"type":"cond-expr","locations":[{"start":{"line":45,"column":19},"end":{"line":45,"column":29}},{"start":{"line":45,"column":32},"end":{"line":45,"column":61}}],"line":45}},"s":{"0":2,"1":5,"2":2,"3":2,"4":2,"5":5,"6":4,"7":4,"8":4,"9":4,"10":1,"11":1},"f":{"0":2,"1":5,"2":2,"3":5,"4":4},"b":{"0":[2,2]},"_coverageSchema":"43e27e138ebf9cfc5966b082cf9a028302ed4184","hash":"669a11caa22186c9c4c663a869e18c9615010782"}
,"/home/ishidor/Documents/Trybe/Projetos/sd-02-block15-react-tests/src/components/NotFound.js": {"path":"/home/ishidor/Documents/Trybe/Projetos/sd-02-block15-react-tests/src/components/NotFound.js","statementMap":{"0":{"start":{"line":4,"column":17},"end":{"line":16,"column":1}},"1":{"start":{"line":5,"column":2},"end":{"line":15,"column":8}}},"fnMap":{"0":{"name":"(anonymous_0)","decl":{"start":{"line":4,"column":17},"end":{"line":4,"column":18}},"loc":{"start":{"line":5,"column":2},"end":{"line":15,"column":8}},"line":5}},"branchMap":{},"s":{"0":1,"1":3},"f":{"0":3},"b":{},"_coverageSchema":"43e27e138ebf9cfc5966b082cf9a028302ed4184","hash":"1f97c9f7f588838d21967f9c99992491c279e050"}
,"/home/ishidor/Documents/Trybe/Projetos/sd-02-block15-react-tests/src/components/Pokedex.js": {"path":"/home/ishidor/Documents/Trybe/Projetos/sd-02-block15-react-tests/src/components/Pokedex.js","statementMap":{"0":{"start":{"line":11,"column":4},"end":{"line":11,"column":17}},"1":{"start":{"line":12,"column":4},"end":{"line":12,"column":58}},"2":{"start":{"line":16,"column":4},"end":{"line":16,"column":53}},"3":{"start":{"line":20,"column":4},"end":{"line":22,"column":7}},"4":{"start":{"line":21,"column":6},"end":{"line":21,"column":67}},"5":{"start":{"line":26,"column":25},"end":{"line":26,"column":35}},"6":{"start":{"line":27,"column":29},"end":{"line":27,"column":39}},"7":{"start":{"line":29,"column":4},"end":{"line":32,"column":7}},"8":{"start":{"line":30,"column":6},"end":{"line":30,"column":46}},"9":{"start":{"line":30,"column":34},"end":{"line":30,"column":46}},"10":{"start":{"line":31,"column":6},"end":{"line":31,"column":43}},"11":{"start":{"line":36,"column":25},"end":{"line":36,"column":35}},"12":{"start":{"line":38,"column":4},"end":{"line":38,"column":84}},"13":{"start":{"line":38,"column":60},"end":{"line":38,"column":76}},"14":{"start":{"line":42,"column":25},"end":{"line":42,"column":49}},"15":{"start":{"line":44,"column":4},"end":{"line":62,"column":6}},"16":{"start":{"line":47,"column":25},"end":{"line":47,"column":51}},"17":{"start":{"line":53,"column":10},"end":{"line":59,"column":19}},"18":{"start":{"line":55,"column":27},"end":{"line":55,"column":52}},"19":{"start":{"line":66,"column":38},"end":{"line":66,"column":48}},"20":{"start":{"line":67,"column":29},"end":{"line":67,"column":57}},"21":{"start":{"line":68,"column":29},"end":{"line":68,"column":39}},"22":{"start":{"line":69,"column":20},"end":{"line":69,"column":50}},"23":{"start":{"line":71,"column":4},"end":{"line":87,"column":6}},"24":{"start":{"line":81,"column":25},"end":{"line":81,"column":66}},"25":{"start":{"line":91,"column":0},"end":{"line":94,"column":2}}},"fnMap":{"0":{"name":"(anonymous_0)","decl":{"start":{"line":10,"column":2},"end":{"line":10,"column":3}},"loc":{"start":{"line":10,"column":21},"end":{"line":13,"column":3}},"line":10},"1":{"name":"(anonymous_1)","decl":{"start":{"line":15,"column":2},"end":{"line":15,"column":3}},"loc":{"start":{"line":15,"column":31},"end":{"line":17,"column":3}},"line":15},"2":{"name":"(anonymous_2)","decl":{"start":{"line":19,"column":2},"end":{"line":19,"column":3}},"loc":{"start":{"line":19,"column":32},"end":{"line":23,"column":3}},"line":19},"3":{"name":"(anonymous_3)","decl":{"start":{"line":20,"column":18},"end":{"line":20,"column":19}},"loc":{"start":{"line":21,"column":6},"end":{"line":21,"column":67}},"line":21},"4":{"name":"(anonymous_4)","decl":{"start":{"line":25,"column":2},"end":{"line":25,"column":3}},"loc":{"start":{"line":25,"column":26},"end":{"line":33,"column":3}},"line":25},"5":{"name":"(anonymous_5)","decl":{"start":{"line":29,"column":27},"end":{"line":29,"column":28}},"loc":{"start":{"line":29,"column":40},"end":{"line":32,"column":5}},"line":29},"6":{"name":"(anonymous_6)","decl":{"start":{"line":35,"column":2},"end":{"line":35,"column":3}},"loc":{"start":{"line":35,"column":22},"end":{"line":39,"column":3}},"line":35},"7":{"name":"(anonymous_7)","decl":{"start":{"line":38,"column":39},"end":{"line":38,"column":40}},"loc":{"start":{"line":38,"column":60},"end":{"line":38,"column":76}},"line":38},"8":{"name":"(anonymous_8)","decl":{"start":{"line":41,"column":2},"end":{"line":41,"column":3}},"loc":{"start":{"line":41,"column":30},"end":{"line":63,"column":3}},"line":41},"9":{"name":"(anonymous_9)","decl":{"start":{"line":47,"column":19},"end":{"line":47,"column":20}},"loc":{"start":{"line":47,"column":25},"end":{"line":47,"column":51}},"line":47},"10":{"name":"(anonymous_10)","decl":{"start":{"line":52,"column":26},"end":{"line":52,"column":27}},"loc":{"start":{"line":53,"column":10},"end":{"line":59,"column":19}},"line":53},"11":{"name":"(anonymous_11)","decl":{"start":{"line":55,"column":21},"end":{"line":55,"column":22}},"loc":{"start":{"line":55,"column":27},"end":{"line":55,"column":52}},"line":55},"12":{"name":"(anonymous_12)","decl":{"start":{"line":65,"column":2},"end":{"line":65,"column":3}},"loc":{"start":{"line":65,"column":11},"end":{"line":88,"column":3}},"line":65},"13":{"name":"(anonymous_13)","decl":{"start":{"line":81,"column":19},"end":{"line":81,"column":20}},"loc":{"start":{"line":81,"column":25},"end":{"line":81,"column":66}},"line":81}},"branchMap":{"0":{"loc":{"start":{"line":30,"column":6},"end":{"line":30,"column":46}},"type":"if","locations":[{"start":{"line":30,"column":6},"end":{"line":30,"column":46}},{"start":{"line":30,"column":6},"end":{"line":30,"column":46}}],"line":30}},"s":{"0":33,"1":33,"2":16,"3":52,"4":52,"5":102,"6":102,"7":102,"8":404,"9":345,"10":59,"11":102,"12":102,"13":404,"14":102,"15":102,"16":3,"17":230,"18":13,"19":102,"20":102,"21":102,"22":102,"23":102,"24":52,"25":1},"f":{"0":33,"1":16,"2":52,"3":52,"4":102,"5":404,"6":102,"7":404,"8":102,"9":3,"10":230,"11":13,"12":102,"13":52},"b":{"0":[345,59]},"_coverageSchema":"43e27e138ebf9cfc5966b082cf9a028302ed4184","hash":"bf73b4fe266927b680677b062b362853ad92095c"}
,"/home/ishidor/Documents/Trybe/Projetos/sd-02-block15-react-tests/src/components/Pokemon.js": {"path":"/home/ishidor/Documents/Trybe/Projetos/sd-02-block15-react-tests/src/components/Pokemon.js","statementMap":{"0":{"start":{"line":11,"column":53},"end":{"line":11,"column":63}},"1":{"start":{"line":14,"column":8},"end":{"line":14,"column":15}},"2":{"start":{"line":15,"column":39},"end":{"line":15,"column":52}},"3":{"start":{"line":17,"column":4},"end":{"line":34,"column":6}},"4":{"start":{"line":38,"column":0},"end":{"line":42,"column":2}},"5":{"start":{"line":44,"column":0},"end":{"line":46,"column":2}}},"fnMap":{"0":{"name":"(anonymous_0)","decl":{"start":{"line":10,"column":2},"end":{"line":10,"column":3}},"loc":{"start":{"line":10,"column":11},"end":{"line":35,"column":3}},"line":10}},"branchMap":{"0":{"loc":{"start":{"line":23,"column":11},"end":{"line":23,"column":77}},"type":"binary-expr","locations":[{"start":{"line":23,"column":11},"end":{"line":23,"column":26}},{"start":{"line":23,"column":30},"end":{"line":23,"column":77}}],"line":23},"1":{"loc":{"start":{"line":26,"column":9},"end":{"line":32,"column":9}},"type":"binary-expr","locations":[{"start":{"line":26,"column":9},"end":{"line":26,"column":19}},{"start":{"line":27,"column":10},"end":{"line":31,"column":12}}],"line":26}},"s":{"0":161,"1":161,"2":161,"3":161,"4":1,"5":1},"f":{"0":161},"b":{"0":[161,107],"1":[161,91]},"_coverageSchema":"43e27e138ebf9cfc5966b082cf9a028302ed4184","hash":"bf2efcaffe91609356263d85831f5ddae7ee99d7"}
,"/home/ishidor/Documents/Trybe/Projetos/sd-02-block15-react-tests/src/components/PokemonDetails.js": {"path":"/home/ishidor/Documents/Trybe/Projetos/sd-02-block15-react-tests/src/components/PokemonDetails.js","statementMap":{"0":{"start":{"line":11,"column":4},"end":{"line":23,"column":6}},"1":{"start":{"line":16,"column":12},"end":{"line":19,"column":18}},"2":{"start":{"line":27,"column":4},"end":{"line":34,"column":6}},"3":{"start":{"line":38,"column":4},"end":{"line":38,"column":17}},"4":{"start":{"line":40,"column":4},"end":{"line":40,"column":67}},"5":{"start":{"line":44,"column":25},"end":{"line":44,"column":35}},"6":{"start":{"line":46,"column":4},"end":{"line":46,"column":53}},"7":{"start":{"line":46,"column":37},"end":{"line":46,"column":51}},"8":{"start":{"line":50,"column":41},"end":{"line":50,"column":51}},"9":{"start":{"line":52,"column":4},"end":{"line":64,"column":6}},"10":{"start":{"line":60,"column":51},"end":{"line":60,"column":95}},"11":{"start":{"line":69,"column":45},"end":{"line":69,"column":59}},"12":{"start":{"line":70,"column":36},"end":{"line":70,"column":40}},"13":{"start":{"line":74,"column":8},"end":{"line":74,"column":18}},"14":{"start":{"line":76,"column":20},"end":{"line":76,"column":54}},"15":{"start":{"line":77,"column":23},"end":{"line":77,"column":48}},"16":{"start":{"line":79,"column":4},"end":{"line":91,"column":6}},"17":{"start":{"line":95,"column":0},"end":{"line":104,"column":2}}},"fnMap":{"0":{"name":"(anonymous_0)","decl":{"start":{"line":10,"column":2},"end":{"line":10,"column":3}},"loc":{"start":{"line":10,"column":42},"end":{"line":24,"column":3}},"line":10},"1":{"name":"(anonymous_1)","decl":{"start":{"line":15,"column":23},"end":{"line":15,"column":24}},"loc":{"start":{"line":16,"column":12},"end":{"line":19,"column":18}},"line":16},"2":{"name":"(anonymous_2)","decl":{"start":{"line":26,"column":2},"end":{"line":26,"column":3}},"loc":{"start":{"line":26,"column":36},"end":{"line":35,"column":3}},"line":26},"3":{"name":"(anonymous_3)","decl":{"start":{"line":37,"column":2},"end":{"line":37,"column":3}},"loc":{"start":{"line":37,"column":21},"end":{"line":41,"column":3}},"line":37},"4":{"name":"(anonymous_4)","decl":{"start":{"line":43,"column":2},"end":{"line":43,"column":3}},"loc":{"start":{"line":43,"column":23},"end":{"line":47,"column":3}},"line":43},"5":{"name":"(anonymous_5)","decl":{"start":{"line":46,"column":25},"end":{"line":46,"column":26}},"loc":{"start":{"line":46,"column":37},"end":{"line":46,"column":51}},"line":46},"6":{"name":"(anonymous_6)","decl":{"start":{"line":49,"column":2},"end":{"line":49,"column":3}},"loc":{"start":{"line":49,"column":45},"end":{"line":65,"column":3}},"line":49},"7":{"name":"(anonymous_7)","decl":{"start":{"line":60,"column":22},"end":{"line":60,"column":23}},"loc":{"start":{"line":60,"column":51},"end":{"line":60,"column":95}},"line":60},"8":{"name":"(anonymous_8)","decl":{"start":{"line":68,"column":2},"end":{"line":68,"column":3}},"loc":{"start":{"line":68,"column":11},"end":{"line":92,"column":3}},"line":68}},"branchMap":{},"s":{"0":54,"1":144,"2":54,"3":54,"4":54,"5":54,"6":54,"7":126,"8":54,"9":54,"10":18,"11":54,"12":54,"13":54,"14":54,"15":54,"16":54,"17":1},"f":{"0":54,"1":144,"2":54,"3":54,"4":54,"5":126,"6":54,"7":18,"8":54},"b":{},"_coverageSchema":"43e27e138ebf9cfc5966b082cf9a028302ed4184","hash":"33d8be7fe6bd82e84788624c3abb12c4ea0a4ff9"}
,"/home/ishidor/Documents/Trybe/Projetos/sd-02-block15-react-tests/src/components/index.js": {"path":"/home/ishidor/Documents/Trybe/Projetos/sd-02-block15-react-tests/src/components/index.js","statementMap":{},"fnMap":{},"branchMap":{},"s":{},"f":{},"b":{},"_coverageSchema":"43e27e138ebf9cfc5966b082cf9a028302ed4184","hash":"a4b88b68e7ae07371daaebc88fff587000438534"}
,"/home/ishidor/Documents/Trybe/Projetos/sd-02-block15-react-tests/src/services/pokedexService.js": {"path":"/home/ishidor/Documents/Trybe/Projetos/sd-02-block15-react-tests/src/services/pokedexService.js","statementMap":{"0":{"start":{"line":1,"column":38},"end":{"line":3,"column":1}},"1":{"start":{"line":2,"column":2},"end":{"line":2,"column":62}},"2":{"start":{"line":5,"column":29},"end":{"line":7,"column":1}},"3":{"start":{"line":6,"column":2},"end":{"line":6,"column":70}},"4":{"start":{"line":9,"column":30},"end":{"line":14,"column":1}},"5":{"start":{"line":10,"column":27},"end":{"line":10,"column":51}},"6":{"start":{"line":11,"column":30},"end":{"line":11,"column":62}},"7":{"start":{"line":13,"column":2},"end":{"line":13,"column":44}},"8":{"start":{"line":16,"column":35},"end":{"line":21,"column":1}},"9":{"start":{"line":17,"column":27},"end":{"line":17,"column":51}},"10":{"start":{"line":18,"column":30},"end":{"line":18,"column":79}},"11":{"start":{"line":18,"column":62},"end":{"line":18,"column":78}},"12":{"start":{"line":20,"column":2},"end":{"line":20,"column":44}},"13":{"start":{"line":23,"column":38},"end":{"line":25,"column":1}},"14":{"start":{"line":24,"column":2},"end":{"line":24,"column":87}}},"fnMap":{"0":{"name":"(anonymous_0)","decl":{"start":{"line":1,"column":38},"end":{"line":1,"column":39}},"loc":{"start":{"line":2,"column":2},"end":{"line":2,"column":62}},"line":2},"1":{"name":"(anonymous_1)","decl":{"start":{"line":5,"column":29},"end":{"line":5,"column":30}},"loc":{"start":{"line":6,"column":2},"end":{"line":6,"column":70}},"line":6},"2":{"name":"(anonymous_2)","decl":{"start":{"line":9,"column":30},"end":{"line":9,"column":31}},"loc":{"start":{"line":9,"column":45},"end":{"line":14,"column":1}},"line":9},"3":{"name":"(anonymous_3)","decl":{"start":{"line":16,"column":35},"end":{"line":16,"column":36}},"loc":{"start":{"line":16,"column":50},"end":{"line":21,"column":1}},"line":16},"4":{"name":"(anonymous_4)","decl":{"start":{"line":18,"column":54},"end":{"line":18,"column":55}},"loc":{"start":{"line":18,"column":62},"end":{"line":18,"column":78}},"line":18},"5":{"name":"(anonymous_5)","decl":{"start":{"line":23,"column":38},"end":{"line":23,"column":39}},"loc":{"start":{"line":24,"column":2},"end":{"line":24,"column":87}},"line":24}},"branchMap":{"0":{"loc":{"start":{"line":2,"column":2},"end":{"line":2,"column":62}},"type":"binary-expr","locations":[{"start":{"line":2,"column":2},"end":{"line":2,"column":56}},{"start":{"line":2,"column":60},"end":{"line":2,"column":62}}],"line":2},"1":{"loc":{"start":{"line":24,"column":2},"end":{"line":24,"column":87}},"type":"cond-expr","locations":[{"start":{"line":24,"column":15},"end":{"line":24,"column":47}},{"start":{"line":24,"column":50},"end":{"line":24,"column":87}}],"line":24}},"s":{"0":1,"1":6,"2":1,"3":0,"4":1,"5":0,"6":0,"7":0,"8":1,"9":0,"10":0,"11":0,"12":0,"13":1,"14":0},"f":{"0":6,"1":0,"2":0,"3":0,"4":0,"5":0},"b":{"0":[6,6],"1":[0,0]},"_coverageSchema":"43e27e138ebf9cfc5966b082cf9a028302ed4184","hash":"0cf7c5dee52d9d8b4728251f6ab7db2993b7dfc2"}
,"/home/ishidor/Documents/Trybe/Projetos/sd-02-block15-react-tests/src/types/index.js": {"path":"/home/ishidor/Documents/Trybe/Projetos/sd-02-block15-react-tests/src/types/index.js","statementMap":{"0":{"start":{"line":10,"column":41},"end":{"line":10,"column":55}},"1":{"start":{"line":12,"column":27},"end":{"line":27,"column":2}}},"fnMap":{},"branchMap":{},"s":{"0":1,"1":1},"f":{},"b":{},"_coverageSchema":"43e27e138ebf9cfc5966b082cf9a028302ed4184","hash":"2db684fa466b2c1f9f6c820d57657e2c48418ebf"}
}
