TN:
SF:/home/ishidor/Documents/Trybe/Projetos/sd-02-block15-react-tests/src/App.js
FN:22,(anonymous_0)
FN:24,(anonymous_1)
FN:32,(anonymous_2)
FN:37,(anonymous_3)
FN:43,(anonymous_4)
FN:54,(anonymous_5)
FN:62,(anonymous_6)
FN:69,(anonymous_7)
FN:71,(anonymous_8)
FN:78,(anonymous_9)
FN:82,(anonymous_10)
FN:84,(anonymous_11)
FN:91,(anonymous_12)
FNF:13
FNH:9
FNDA:6,(anonymous_0)
FNDA:54,(anonymous_1)
FNDA:6,(anonymous_2)
FNDA:0,(anonymous_3)
FNDA:7,(anonymous_4)
FNDA:0,(anonymous_5)
FNDA:0,(anonymous_6)
FNDA:6,(anonymous_7)
FNDA:54,(anonymous_8)
FNDA:7,(anonymous_9)
FNDA:0,(anonymous_10)
FNDA:1,(anonymous_11)
FNDA:6,(anonymous_12)
DA:23,6
DA:24,6
DA:25,54
DA:26,54
DA:29,6
DA:33,6
DA:34,6
DA:38,0
DA:40,0
DA:44,7
DA:46,7
DA:55,0
DA:57,0
DA:63,0
DA:70,6
DA:71,54
DA:73,6
DA:78,7
DA:82,0
DA:84,1
DA:92,6
LF:21
LH:15
BRF:0
BRH:0
end_of_record
TN:
SF:/home/ishidor/Documents/Trybe/Projetos/sd-02-block15-react-tests/src/data.js
FNF:0
FNH:0
DA:1,1
LF:1
LH:1
BRF:0
BRH:0
end_of_record
TN:
SF:/home/ishidor/Documents/Trybe/Projetos/sd-02-block15-react-tests/src/components/About.js
FN:4,(anonymous_0)
FNF:1
FNH:1
FNDA:2,(anonymous_0)
DA:4,1
DA:5,2
LF:2
LH:2
BRF:0
BRH:0
end_of_record
TN:
SF:/home/ishidor/Documents/Trybe/Projetos/sd-02-block15-react-tests/src/components/Button.js
FN:6,(anonymous_0)
FNF:1
FNH:1
FNDA:434,(anonymous_0)
DA:6,1
DA:12,434
DA:23,1
DA:30,1
LF:4
LH:4
BRF:0
BRH:0
end_of_record
TN:
SF:/home/ishidor/Documents/Trybe/Projetos/sd-02-block15-react-tests/src/components/FavoritePokemons.js
FN:10,(anonymous_0)
FN:18,(anonymous_1)
FN:26,(anonymous_2)
FN:32,(anonymous_3)
FN:37,(anonymous_4)
FNF:5
FNH:5
FNDA:2,(anonymous_0)
FNDA:5,(anonymous_1)
FNDA:2,(anonymous_2)
FNDA:5,(anonymous_3)
FNDA:4,(anonymous_4)
DA:11,2
DA:19,5
DA:27,2
DA:28,2
DA:30,2
DA:32,5
DA:38,4
DA:39,4
DA:40,4
DA:42,4
DA:51,1
DA:55,1
LF:12
LH:12
BRDA:45,0,0,2
BRDA:45,0,1,2
BRF:2
BRH:2
end_of_record
TN:
SF:/home/ishidor/Documents/Trybe/Projetos/sd-02-block15-react-tests/src/components/NotFound.js
FN:4,(anonymous_0)
FNF:1
FNH:1
FNDA:3,(anonymous_0)
DA:4,1
DA:5,3
LF:2
LH:2
BRF:0
BRH:0
end_of_record
TN:
SF:/home/ishidor/Documents/Trybe/Projetos/sd-02-block15-react-tests/src/components/Pokedex.js
FN:10,(anonymous_0)
FN:15,(anonymous_1)
FN:19,(anonymous_2)
FN:20,(anonymous_3)
FN:25,(anonymous_4)
FN:29,(anonymous_5)
FN:35,(anonymous_6)
FN:38,(anonymous_7)
FN:41,(anonymous_8)
FN:47,(anonymous_9)
FN:52,(anonymous_10)
FN:55,(anonymous_11)
FN:65,(anonymous_12)
FN:81,(anonymous_13)
FNF:14
FNH:14
FNDA:33,(anonymous_0)
FNDA:16,(anonymous_1)
FNDA:52,(anonymous_2)
FNDA:52,(anonymous_3)
FNDA:102,(anonymous_4)
FNDA:404,(anonymous_5)
FNDA:102,(anonymous_6)
FNDA:404,(anonymous_7)
FNDA:102,(anonymous_8)
FNDA:3,(anonymous_9)
FNDA:230,(anonymous_10)
FNDA:13,(anonymous_11)
FNDA:102,(anonymous_12)
FNDA:52,(anonymous_13)
DA:11,33
DA:12,33
DA:16,16
DA:20,52
DA:21,52
DA:26,102
DA:27,102
DA:29,102
DA:30,404
DA:31,59
DA:36,102
DA:38,404
DA:42,102
DA:44,102
DA:47,3
DA:53,230
DA:55,13
DA:66,102
DA:67,102
DA:68,102
DA:69,102
DA:71,102
DA:81,52
DA:91,1
LF:24
LH:24
BRDA:30,0,0,345
BRDA:30,0,1,59
BRF:2
BRH:2
end_of_record
TN:
SF:/home/ishidor/Documents/Trybe/Projetos/sd-02-block15-react-tests/src/components/Pokemon.js
FN:10,(anonymous_0)
FNF:1
FNH:1
FNDA:161,(anonymous_0)
DA:11,161
DA:14,161
DA:15,161
DA:17,161
DA:38,1
DA:44,1
LF:6
LH:6
BRDA:23,0,0,161
BRDA:23,0,1,107
BRDA:26,1,0,161
BRDA:26,1,1,91
BRF:4
BRH:4
end_of_record
TN:
SF:/home/ishidor/Documents/Trybe/Projetos/sd-02-block15-react-tests/src/components/PokemonDetails.js
FN:10,(anonymous_0)
FN:15,(anonymous_1)
FN:26,(anonymous_2)
FN:37,(anonymous_3)
FN:43,(anonymous_4)
FN:46,(anonymous_5)
FN:49,(anonymous_6)
FN:60,(anonymous_7)
FN:68,(anonymous_8)
FNF:9
FNH:9
FNDA:54,(anonymous_0)
FNDA:144,(anonymous_1)
FNDA:54,(anonymous_2)
FNDA:54,(anonymous_3)
FNDA:54,(anonymous_4)
FNDA:126,(anonymous_5)
FNDA:54,(anonymous_6)
FNDA:18,(anonymous_7)
FNDA:54,(anonymous_8)
DA:11,54
DA:16,144
DA:27,54
DA:38,54
DA:40,54
DA:44,54
DA:46,126
DA:50,54
DA:52,54
DA:60,18
DA:69,54
DA:70,54
DA:74,54
DA:76,54
DA:77,54
DA:79,54
DA:95,1
LF:17
LH:17
BRF:0
BRH:0
end_of_record
TN:
SF:/home/ishidor/Documents/Trybe/Projetos/sd-02-block15-react-tests/src/components/index.js
FNF:0
FNH:0
LF:0
LH:0
BRF:0
BRH:0
end_of_record
TN:
SF:/home/ishidor/Documents/Trybe/Projetos/sd-02-block15-react-tests/src/services/pokedexService.js
FN:1,(anonymous_0)
FN:5,(anonymous_1)
FN:9,(anonymous_2)
FN:16,(anonymous_3)
FN:18,(anonymous_4)
FN:23,(anonymous_5)
FNF:6
FNH:1
FNDA:6,(anonymous_0)
FNDA:0,(anonymous_1)
FNDA:0,(anonymous_2)
FNDA:0,(anonymous_3)
FNDA:0,(anonymous_4)
FNDA:0,(anonymous_5)
DA:1,1
DA:2,6
DA:5,1
DA:6,0
DA:9,1
DA:10,0
DA:11,0
DA:13,0
DA:16,1
DA:17,0
DA:18,0
DA:20,0
DA:23,1
DA:24,0
LF:14
LH:6
BRDA:2,0,0,6
BRDA:2,0,1,6
BRDA:24,1,0,0
BRDA:24,1,1,0
BRF:4
BRH:2
end_of_record
TN:
SF:/home/ishidor/Documents/Trybe/Projetos/sd-02-block15-react-tests/src/types/index.js
FNF:0
FNH:0
DA:10,1
DA:12,1
LF:2
LH:2
BRF:0
BRH:0
end_of_record
